<?xml version="1.0" encoding="UTF-8"?>
<!-- Generated by org.testng.reporters.JUnitReportReporter -->
<testsuite hostname="akbari-pc" failures="0" tests="2" name="ApiTets" time="1.981" errors="0" timestamp="2025-08-23T16:18:55 GMT+03:30" skipped="0">
  <testcase classname="ApiTets" name="test1" time="0.363"/>
  <testcase classname="ApiTets" name="Test2" time="1.618"/>
</testsuite> <!-- ApiTets -->
