<?xml version="1.0" encoding="UTF-8"?>
<!-- Generated by org.testng.reporters.JUnitReportReporter -->
<testsuite hostname="DESKTOP-26941F0" failures="0" tests="1" name="tests.ApiTest" time="10.013" errors="0" timestamp="2025-09-01T20:33:41 IRST" skipped="0">
  <testcase classname="tests.ApiTest" name="sample" time="10.013"/>
</testsuite> <!-- tests.ApiTest -->
