<?xml version="1.0" encoding="UTF-8"?>
<!-- Generated by org.testng.reporters.JUnitReportReporter -->
<testsuite hostname="DESKTOP-26941F0" failures="0" tests="3" name="tests.UserApiTest" time="2.484" errors="0" timestamp="2025-09-01T20:33:41 IRST" skipped="0">
  <testcase classname="tests.UserApiTest" name="testGetUserById" time="0.475"/>
  <testcase classname="tests.UserApiTest" name="testGetUserById" time="2.009"/>
  <testcase classname="tests.UserApiTest" name="testGetUserById2" time="0.000"/>
</testsuite> <!-- tests.UserApiTest -->
