<?xml version="1.0" encoding="UTF-8"?>
<!-- Generated by org.testng.reporters.JUnitReportReporter -->
<testsuite hostname="DESKTOP-26941F0" failures="0" tests="1" name="tests.ProductApiTest" time="10.824" errors="0" timestamp="2025-09-01T20:33:41 IRST" skipped="0">
  <testcase classname="tests.ProductApiTest" name="testGetProduct" time="10.824"/>
</testsuite> <!-- tests.ProductApiTest -->
